#
# There is insufficient memory for the Java Runtime Environment to continue.
# Native memory allocation (malloc) failed to allocate 2395376 bytes for Chunk::new
# Possible reasons:
#   The system is out of physical RAM or swap space
#   In 32 bit mode, the process size limit was hit
# Possible solutions:
#   Reduce memory load on the system
#   Increase physical memory or swap space
#   Check if swap backing store is full
#   Use 64 bit Java on a 64 bit OS
#   Decrease Java heap size (-Xmx/-Xms)
#   Decrease number of Java threads
#   Decrease Java thread stack sizes (-Xss)
#   Set larger code cache with -XX:ReservedCodeCacheSize=
# This output file may be truncated or incomplete.
#
#  Out of Memory Error (allocation.cpp:390), pid=936, tid=0x00000000000025c8
#
# JRE version: OpenJDK Runtime Environment (8.0_152-b01) (build 1.8.0_152-release-1343-b01)
# Java VM: OpenJDK 64-Bit Server VM (25.152-b01 mixed mode windows-amd64 compressed oops)
# Failed to write core dump. Minidumps are not enabled by default on client versions of Windows
#

---------------  T H R E A D  ---------------

Current thread (0x00000000166a8000):  JavaThread "C2 CompilerThread0" daemon [_thread_in_native, id=9672, stack(0x0000000018cf0000,0x0000000018df0000)]

Stack: [0x0000000018cf0000,0x0000000018df0000]
[error occurred during error reporting (printing stack bounds), id 0xc0000005]

Native frames: (J=compiled Java code, j=interpreted, Vv=VM code, C=native code)


Current CompileTask:
C2:1287930 19457   !   4       java.net.URLClassLoader$1::run (63 bytes)


---------------  P R O C E S S  ---------------

Java Threads: ( => current thread )
  0x0000000023b76800 JavaThread "ForkJoinPool.commonPool-worker-0" daemon [_thread_in_Java, id=7332, stack(0x000000002b070000,0x000000002b170000)]
  0x0000000023b70800 JavaThread "ForkJoinPool.commonPool-worker-7" daemon [_thread_in_native, id=9124, stack(0x000000002af70000,0x000000002b070000)]
  0x0000000023b71000 JavaThread "ForkJoinPool.commonPool-worker-6" daemon [_thread_blocked, id=2336, stack(0x000000002ae70000,0x000000002af70000)]
  0x0000000023b77000 JavaThread "ForkJoinPool.commonPool-worker-5" daemon [_thread_blocked, id=3016, stack(0x000000002ad70000,0x000000002ae70000)]
  0x0000000023b74000 JavaThread "ForkJoinPool.commonPool-worker-4" daemon [_thread_blocked, id=14072, stack(0x000000002ac70000,0x000000002ad70000)]
  0x0000000023b73800 JavaThread "ForkJoinPool.commonPool-worker-3" daemon [_thread_blocked, id=12632, stack(0x000000002ab70000,0x000000002ac70000)]
  0x0000000023b75800 JavaThread "ForkJoinPool.commonPool-worker-2" daemon [_thread_blocked, id=11624, stack(0x000000002aa70000,0x000000002ab70000)]
  0x0000000020cc0800 JavaThread "Exec process Thread 3" [_thread_blocked, id=7760, stack(0x000000002a870000,0x000000002a970000)]
  0x000000001db1a000 JavaThread "Exec process Thread 2" [_thread_blocked, id=10056, stack(0x000000002a4b0000,0x000000002a5b0000)]
  0x000000001d555000 JavaThread "Exec process" [_thread_blocked, id=14844, stack(0x00000000299b0000,0x0000000029ab0000)]
  0x0000000019b39800 JavaThread "Cache worker for Java compile cache (D:\workspace\kotlin-practice\.gradle\4.6\javaCompile)" [_thread_blocked, id=14864, stack(0x00000000294b0000,0x00000000295b0000)]
  0x0000000019b3e800 JavaThread "RMI TCP Connection(1)-127.0.0.1" daemon [_thread_in_native, id=8224, stack(0x0000000029fb0000,0x000000002a0b0000)]
  0x0000000019b3e000 JavaThread "RMI Reaper" [_thread_blocked, id=3312, stack(0x0000000029eb0000,0x0000000029fb0000)]
  0x0000000019b3d000 JavaThread "RMI TCP Accept-0" daemon [_thread_in_native, id=5456, stack(0x0000000029db0000,0x0000000029eb0000)]
  0x0000000019b3c800 JavaThread "GC Daemon" daemon [_thread_blocked, id=11828, stack(0x0000000029ab0000,0x0000000029bb0000)]
  0x000000001db19800 JavaThread "RMI Scheduler(0)" daemon [_thread_blocked, id=13052, stack(0x00000000298b0000,0x00000000299b0000)]
  0x000000001db18800 JavaThread "stdout" [_thread_in_native, id=1252, stack(0x00000000297b0000,0x00000000298b0000)]
  0x000000001db1b000 JavaThread "stderr" [_thread_in_native, id=5412, stack(0x00000000296b0000,0x00000000297b0000)]
  0x000000001db18000 JavaThread "pool-14-thread-1" [_thread_blocked, id=4804, stack(0x00000000295b0000,0x00000000296b0000)]
  0x0000000020cb9000 JavaThread "Task worker for ':' Thread 7" [_thread_blocked, id=1520, stack(0x00000000293b0000,0x00000000294b0000)]
  0x0000000020cba000 JavaThread "Task worker for ':' Thread 6" [_thread_blocked, id=4712, stack(0x00000000292b0000,0x00000000293b0000)]
  0x0000000020cc0000 JavaThread "Task worker for ':' Thread 5" [_thread_blocked, id=3732, stack(0x00000000291b0000,0x00000000292b0000)]
  0x0000000020cbe800 JavaThread "Task worker for ':' Thread 4" [_thread_blocked, id=128, stack(0x00000000290b0000,0x00000000291b0000)]
  0x0000000020cba800 JavaThread "Task worker for ':' Thread 3" [_thread_blocked, id=7280, stack(0x0000000028fb0000,0x00000000290b0000)]
  0x0000000020cbf000 JavaThread "Task worker for ':' Thread 2" [_thread_blocked, id=12204, stack(0x0000000028eb0000,0x0000000028fb0000)]
  0x0000000020cbd000 JavaThread "Task worker for ':'" [_thread_in_native, id=3168, stack(0x0000000028db0000,0x0000000028eb0000)]
  0x0000000020cbc000 JavaThread "Cache worker for Build Output Cleanup Cache (D:\workspace\kotlin-practice\.gradle\buildOutputCleanup)" [_thread_blocked, id=7320, stack(0x0000000028cb0000,0x0000000028db0000)]
  0x0000000020cbb800 JavaThread "Cache worker for task history cache (D:\workspace\kotlin-practice\.gradle\4.6\taskHistory)" [_thread_blocked, id=11024, stack(0x0000000028bb0000,0x0000000028cb0000)]
  0x0000000020cbd800 JavaThread "Cache worker for file content cache (D:\workspace\kotlin-practice\.gradle\4.6\fileContent)" [_thread_blocked, id=14424, stack(0x0000000028ab0000,0x0000000028bb0000)]
  0x000000001c2cf800 JavaThread "pool-12-thread-2" [_thread_blocked, id=11016, stack(0x00000000289b0000,0x0000000028ab0000)]
  0x000000001c2cc800 JavaThread "pool-12-thread-1" [_thread_blocked, id=3372, stack(0x00000000284e0000,0x00000000285e0000)]
  0x000000001c2cb800 JavaThread "Build operations Thread 8" [_thread_blocked, id=14996, stack(0x00000000221f0000,0x00000000222f0000)]
  0x000000001c2ce800 JavaThread "Build operations Thread 7" [_thread_blocked, id=10680, stack(0x00000000220f0000,0x00000000221f0000)]
  0x000000001c2ce000 JavaThread "Build operations Thread 6" [_thread_blocked, id=9096, stack(0x0000000021dd0000,0x0000000021ed0000)]
  0x000000001c2cb000 JavaThread "Build operations Thread 5" [_thread_blocked, id=6660, stack(0x0000000021cd0000,0x0000000021dd0000)]
  0x000000001c2ca000 JavaThread "Build operations Thread 4" [_thread_blocked, id=10632, stack(0x0000000021bd0000,0x0000000021cd0000)]
  0x000000001c2cd000 JavaThread "Build operations Thread 3" [_thread_blocked, id=11836, stack(0x0000000020450000,0x0000000020550000)]
  0x000000001c2c2800 JavaThread "Build operations Thread 2" [_thread_blocked, id=820, stack(0x000000001cb40000,0x000000001cc40000)]
  0x000000001c2c9800 JavaThread "Build operations" [_thread_blocked, id=2320, stack(0x000000001b670000,0x000000001b770000)]
  0x000000001c2c6800 JavaThread "Cache worker for Artifact transforms cache (C:\Users\nn\.gradle\caches\transforms-1)" [_thread_blocked, id=8432, stack(0x000000001b570000,0x000000001b670000)]
  0x000000001c2c8000 JavaThread "Cache worker for file hash cache (D:\workspace\kotlin-practice\.gradle\4.6\fileHashes)" [_thread_blocked, id=5140, stack(0x000000001b470000,0x000000001b570000)]
  0x000000001c2c8800 JavaThread "Stdin handler" [_thread_blocked, id=5096, stack(0x000000001b370000,0x000000001b470000)]
  0x000000001c2c5800 JavaThread "Asynchronous log dispatcher for DefaultDaemonConnection: socket connection from /127.0.0.1:63542 to /127.0.0.1:61997" [_thread_blocked, id=12768, stack(0x000000001b070000,0x000000001b170000)]
  0x000000001c2c5000 JavaThread "Daemon worker Thread 3" [_thread_blocked, id=8876, stack(0x000000001af70000,0x000000001b070000)]
  0x000000001c2c0800 JavaThread "Cancel handler" [_thread_blocked, id=4576, stack(0x00000000009c0000,0x0000000000ac0000)]
  0x000000001c2c1000 JavaThread "Handler for socket connection from /127.0.0.1:63542 to /127.0.0.1:61997" [_thread_in_native, id=13724, stack(0x00000000008c0000,0x00000000009c0000)]
  0x000000001c2c4000 JavaThread "Daemon Thread 3" [_thread_blocked, id=13508, stack(0x00000000007c0000,0x00000000008c0000)]
  0x000000001db1c800 JavaThread "pool-9-thread-6" [_thread_blocked, id=11368, stack(0x00000000283e0000,0x00000000284e0000)]
  0x0000000020cc3800 JavaThread "pool-9-thread-5" [_thread_blocked, id=8768, stack(0x00000000282e0000,0x00000000283e0000)]
  0x0000000020cc3000 JavaThread "pool-9-thread-4" [_thread_blocked, id=2792, stack(0x0000000027fe0000,0x00000000280e0000)]
  0x0000000020cc5000 JavaThread "pool-9-thread-3" [_thread_blocked, id=8372, stack(0x0000000027ee0000,0x0000000027fe0000)]
  0x0000000020cc4800 JavaThread "pool-9-thread-2" [_thread_blocked, id=8472, stack(0x0000000027de0000,0x0000000027ee0000)]
  0x0000000020cc2000 JavaThread "pool-9-thread-1" [_thread_blocked, id=12312, stack(0x0000000027ce0000,0x0000000027de0000)]
  0x0000000019b30800 JavaThread "pool-7-thread-6" [_thread_blocked, id=12588, stack(0x00000000279e0000,0x0000000027ae0000)]
  0x0000000019b2f800 JavaThread "pool-7-thread-5" [_thread_blocked, id=11404, stack(0x00000000278e0000,0x00000000279e0000)]
  0x0000000020cc8000 JavaThread "pool-7-thread-4" [_thread_blocked, id=11960, stack(0x00000000277e0000,0x00000000278e0000)]
  0x0000000020cc6800 JavaThread "pool-7-thread-3" [_thread_blocked, id=10644, stack(0x0000000026fe0000,0x00000000270e0000)]
  0x0000000020cc7800 JavaThread "pool-7-thread-2" [_thread_blocked, id=12452, stack(0x0000000026850000,0x0000000026950000)]
  0x0000000020cc6000 JavaThread "pool-7-thread-1" [_thread_blocked, id=8404, stack(0x00000000222f0000,0x00000000223f0000)]
  0x000000001d552800 JavaThread "pool-4-thread-6" [_thread_blocked, id=15236, stack(0x00000000276e0000,0x00000000277e0000)]
  0x000000001d553800 JavaThread "pool-4-thread-5" [_thread_blocked, id=576, stack(0x00000000275e0000,0x00000000276e0000)]
  0x000000001d552000 JavaThread "pool-4-thread-4" [_thread_blocked, id=1856, stack(0x00000000274e0000,0x00000000275e0000)]
  0x000000001d551000 JavaThread "pool-4-thread-3" [_thread_blocked, id=2208, stack(0x00000000273e0000,0x00000000274e0000)]
  0x000000001d54f800 JavaThread "pool-4-thread-2" [_thread_blocked, id=10744, stack(0x00000000271e0000,0x00000000272e0000)]
  0x000000001d555800 JavaThread "pool-4-thread-1" [_thread_blocked, id=8384, stack(0x00000000270e0000,0x00000000271e0000)]
  0x0000000019b35000 JavaThread "pool-1-thread-1" [_thread_blocked, id=7144, stack(0x0000000025730000,0x0000000025830000)]
  0x0000000019b3a000 JavaThread "pool-2-thread-6" [_thread_blocked, id=10720, stack(0x0000000025030000,0x0000000025130000)]
  0x0000000019b38800 JavaThread "pool-2-thread-5" [_thread_blocked, id=1548, stack(0x0000000024f30000,0x0000000025030000)]
  0x0000000019b31000 JavaThread "pool-2-thread-4" [_thread_blocked, id=5768, stack(0x0000000024e30000,0x0000000024f30000)]
  0x0000000019b38000 JavaThread "pool-2-thread-3" [_thread_blocked, id=9264, stack(0x0000000024d30000,0x0000000024e30000)]
  0x0000000019b37000 JavaThread "pool-2-thread-2" [_thread_blocked, id=11792, stack(0x00000000245e0000,0x00000000246e0000)]
  0x0000000019b32800 JavaThread "pool-2-thread-1" [_thread_blocked, id=11524, stack(0x00000000228f0000,0x00000000229f0000)]
  0x0000000019b32000 JavaThread "Memory manager" [_thread_blocked, id=11900, stack(0x00000000227f0000,0x00000000228f0000)]
  0x000000001a935000 JavaThread "File lock request listener" [_thread_in_native, id=13216, stack(0x000000001ba70000,0x000000001bb70000)]
  0x000000001a836800 JavaThread "Cache worker for file hash cache (C:\Users\nn\.gradle\caches\4.6\fileHashes)" [_thread_blocked, id=11740, stack(0x000000001b970000,0x000000001ba70000)]
  0x0000000019312000 JavaThread "Daemon periodic checks" [_thread_blocked, id=3108, stack(0x000000001ae70000,0x000000001af70000)]
  0x0000000019ca1000 JavaThread "Incoming local TCP Connector on port 63542" [_thread_in_native, id=10048, stack(0x000000001acc0000,0x000000001adc0000)]
  0x00000000186bc000 JavaThread "Service Thread" daemon [_thread_blocked, id=2008, stack(0x00000000190f0000,0x00000000191f0000)]
  0x0000000018625000 JavaThread "C1 CompilerThread3" daemon [_thread_in_vm, id=12964, stack(0x0000000018ff0000,0x00000000190f0000)]
  0x0000000018621000 JavaThread "C2 CompilerThread2" daemon [_thread_in_native, id=11304, stack(0x0000000018ef0000,0x0000000018ff0000)]
  0x00000000166ab800 JavaThread "C2 CompilerThread1" daemon [_thread_in_native, id=13144, stack(0x0000000018df0000,0x0000000018ef0000)]
=>0x00000000166a8000 JavaThread "C2 CompilerThread0" daemon [_thread_in_native, id=9672, stack(0x0000000018cf0000,0x0000000018df0000)]
  0x000000001861f000 JavaThread "Attach Listener" daemon [_thread_blocked, id=9976, stack(0x0000000018bf0000,0x0000000018cf0000)]
  0x00000000185d2800 JavaThread "Signal Dispatcher" daemon [_thread_blocked, id=4664, stack(0x0000000018af0000,0x0000000018bf0000)]
  0x00000000185b0800 JavaThread "Finalizer" daemon [_thread_blocked, id=14956, stack(0x0000000018990000,0x0000000018a90000)]
  0x00000000028d6000 JavaThread "Reference Handler" daemon [_thread_blocked, id=11380, stack(0x0000000018490000,0x0000000018590000)]
  0x00000000027de000 JavaThread "main" [_thread_blocked, id=7640, stack(0x0000000002650000,0x0000000002750000)]

Other Threads:
  0x0000000016698800 VMThread [stack: 0x0000000018390000,0x0000000018490000] [id=6860]
  0x00000000186bd000 WatcherThread [stack: 0x00000000191f0000,0x00000000192f0000] [id=10420]

VM state:not at safepoint (normal execution)

VM Mutex/Monitor currently owned by a thread: None

Heap:
 PSYoungGen      total 296960K, used 17001K [0x00000000e0000000, 0x00000000f7680000, 0x0000000100000000)
  eden space 257536K, 6% used [0x00000000e0000000,0x00000000e109a4d0,0x00000000efb80000)
  from space 39424K, 0% used [0x00000000efb80000,0x00000000efb80000,0x00000000f2200000)
  to   space 38400K, 0% used [0x00000000f5100000,0x00000000f5100000,0x00000000f7680000)
 ParOldGen       total 207872K, used 84307K [0x00000000a0000000, 0x00000000acb00000, 0x00000000e0000000)
  object space 207872K, 40% used [0x00000000a0000000,0x00000000a5254d20,0x00000000acb00000)
 Metaspace       used 93935K, capacity 98040K, committed 98836K, reserved 1134592K
  class space    used 11965K, capacity 12900K, committed 13076K, reserved 1048576K

Card table byte_map: [0x0000000011ca0000,0x0000000011fb0000] byte_map_base: 0x00000000117a0000

Marking Bits: (ParMarkBitMap*) 0x0000000066665aa0
 Begin Bits: [0x00000000129b0000, 0x00000000141b0000)
 End Bits:   [0x00000000141b0000, 0x00000000159b0000)

Polling page: 0x00000000005e0000

CodeCache: size=245760Kb used=54965Kb max_used=55769Kb free=190794Kb
 bounds [0x00000000028e0000, 0x0000000005fb0000, 0x00000000118e0000]
 total_blobs=16764 nmethods=15886 adapters=789
 compilation: enabled

Compilation events (10 events):
Event: 1287.925 Thread 0x0000000018625000 nmethod 20248 0x0000000005b127d0 code [0x0000000005b12920, 0x0000000005b12a70]
Event: 1287.925 Thread 0x0000000018625000 20252       3       com.android.tools.r8.graph.DexString::slowCompareTo (147 bytes)
Event: 1287.926 Thread 0x0000000018625000 nmethod 20252 0x00000000049c3890 code [0x00000000049c3a20, 0x00000000049c3f50]
Event: 1287.926 Thread 0x0000000018625000 20251       2       com.android.tools.r8.ir.conversion.JarState::popReverse (28 bytes)
Event: 1287.926 Thread 0x0000000018625000 nmethod 20251 0x0000000005b121d0 code [0x0000000005b12340, 0x0000000005b12648]
Event: 1287.926 Thread 0x0000000018625000 20253       2       com.android.tools.r8.graph.DexProto::layeredCompareTo (10 bytes)
Event: 1287.927 Thread 0x0000000018625000 nmethod 20253 0x0000000004a3a610 code [0x0000000004a3a780, 0x0000000004a3a998]
Event: 1287.927 Thread 0x0000000018625000 20254       2       com.android.tools.r8.graph.DexProto::layeredCompareTo (30 bytes)
Event: 1287.927 Thread 0x0000000018625000 nmethod 20254 0x0000000004a3a110 code [0x0000000004a3a280, 0x0000000004a3a458]
Event: 1287.927 Thread 0x0000000018625000 20259       2       com.android.tools.r8.ir.code.BasicBlockInstructionIterator::remove (247 bytes)

GC Heap History (10 events):
Event: 1250.287 GC heap before
{Heap before GC invocations=25 (full 3):
 PSYoungGen      total 304640K, used 293544K [0x00000000e0000000, 0x00000000f6500000, 0x0000000100000000)
  eden space 275456K, 100% used [0x00000000e0000000,0x00000000f0d00000,0x00000000f0d00000)
  from space 29184K, 61% used [0x00000000f0d00000,0x00000000f1eaa260,0x00000000f2980000)
  to   space 29696K, 0% used [0x00000000f4800000,0x00000000f4800000,0x00000000f6500000)
 ParOldGen       total 139264K, used 76464K [0x00000000a0000000, 0x00000000a8800000, 0x00000000e0000000)
  object space 139264K, 54% used [0x00000000a0000000,0x00000000a4aac340,0x00000000a8800000)
 Metaspace       used 76985K, capacity 80331K, committed 80404K, reserved 1118208K
  class space    used 9942K, capacity 10747K, committed 10772K, reserved 1048576K
Event: 1250.479 GC heap after
Heap after GC invocations=25 (full 3):
 PSYoungGen      total 274432K, used 8550K [0x00000000e0000000, 0x00000000f5080000, 0x0000000100000000)
  eden space 265728K, 0% used [0x00000000e0000000,0x00000000e0000000,0x00000000f0380000)
  from space 8704K, 98% used [0x00000000f4800000,0x00000000f5059ab8,0x00000000f5080000)
  to   space 28672K, 0% used [0x00000000f1880000,0x00000000f1880000,0x00000000f3480000)
 ParOldGen       total 139264K, used 76472K [0x00000000a0000000, 0x00000000a8800000, 0x00000000e0000000)
  object space 139264K, 54% used [0x00000000a0000000,0x00000000a4aae340,0x00000000a8800000)
 Metaspace       used 76985K, capacity 80331K, committed 80404K, reserved 1118208K
  class space    used 9942K, capacity 10747K, committed 10772K, reserved 1048576K
}
Event: 1274.901 GC heap before
{Heap before GC invocations=26 (full 3):
 PSYoungGen      total 274432K, used 274278K [0x00000000e0000000, 0x00000000f5080000, 0x0000000100000000)
  eden space 265728K, 100% used [0x00000000e0000000,0x00000000f0380000,0x00000000f0380000)
  from space 8704K, 98% used [0x00000000f4800000,0x00000000f5059ab8,0x00000000f5080000)
  to   space 28672K, 0% used [0x00000000f1880000,0x00000000f1880000,0x00000000f3480000)
 ParOldGen       total 139264K, used 76472K [0x00000000a0000000, 0x00000000a8800000, 0x00000000e0000000)
  object space 139264K, 54% used [0x00000000a0000000,0x00000000a4aae340,0x00000000a8800000)
 Metaspace       used 80293K, capacity 83866K, committed 83988K, reserved 1122304K
  class space    used 10363K, capacity 11203K, committed 11284K, reserved 1048576K
Event: 1274.944 GC heap after
Heap after GC invocations=26 (full 3):
 PSYoungGen      total 284160K, used 27168K [0x00000000e0000000, 0x00000000f4880000, 0x0000000100000000)
  eden space 256512K, 0% used [0x00000000e0000000,0x00000000e0000000,0x00000000efa80000)
  from space 27648K, 98% used [0x00000000f1880000,0x00000000f3308200,0x00000000f3380000)
  to   space 21504K, 0% used [0x00000000f3380000,0x00000000f3380000,0x00000000f4880000)
 ParOldGen       total 139264K, used 76480K [0x00000000a0000000, 0x00000000a8800000, 0x00000000e0000000)
  object space 139264K, 54% used [0x00000000a0000000,0x00000000a4ab0340,0x00000000a8800000)
 Metaspace       used 80293K, capacity 83866K, committed 83988K, reserved 1122304K
  class space    used 10363K, capacity 11203K, committed 11284K, reserved 1048576K
}
Event: 1286.813 GC heap before
{Heap before GC invocations=27 (full 3):
 PSYoungGen      total 284160K, used 283680K [0x00000000e0000000, 0x00000000f4880000, 0x0000000100000000)
  eden space 256512K, 100% used [0x00000000e0000000,0x00000000efa80000,0x00000000efa80000)
  from space 27648K, 98% used [0x00000000f1880000,0x00000000f3308200,0x00000000f3380000)
  to   space 21504K, 0% used [0x00000000f3380000,0x00000000f3380000,0x00000000f4880000)
 ParOldGen       total 139264K, used 76480K [0x00000000a0000000, 0x00000000a8800000, 0x00000000e0000000)
  object space 139264K, 54% used [0x00000000a0000000,0x00000000a4ab0340,0x00000000a8800000)
 Metaspace       used 93108K, capacity 97630K, committed 97684K, reserved 1134592K
  class space    used 11949K, capacity 12931K, committed 12948K, reserved 1048576K
Event: 1286.870 GC heap after
Heap after GC invocations=27 (full 3):
 PSYoungGen      total 268800K, used 21476K [0x00000000e0000000, 0x00000000f4880000, 0x0000000100000000)
  eden space 247296K, 0% used [0x00000000e0000000,0x00000000e0000000,0x00000000ef180000)
  from space 21504K, 99% used [0x00000000f3380000,0x00000000f48791c0,0x00000000f4880000)
  to   space 39424K, 0% used [0x00000000efb80000,0x00000000efb80000,0x00000000f2200000)
 ParOldGen       total 139264K, used 92584K [0x00000000a0000000, 0x00000000a8800000, 0x00000000e0000000)
  object space 139264K, 66% used [0x00000000a0000000,0x00000000a5a6a2c8,0x00000000a8800000)
 Metaspace       used 93108K, capacity 97630K, committed 97684K, reserved 1134592K
  class space    used 11949K, capacity 12931K, committed 12948K, reserved 1048576K
}
Event: 1287.025 GC heap before
{Heap before GC invocations=28 (full 3):
 PSYoungGen      total 268800K, used 46559K [0x00000000e0000000, 0x00000000f4880000, 0x0000000100000000)
  eden space 247296K, 10% used [0x00000000e0000000,0x00000000e187ed18,0x00000000ef180000)
  from space 21504K, 99% used [0x00000000f3380000,0x00000000f48791c0,0x00000000f4880000)
  to   space 39424K, 0% used [0x00000000efb80000,0x00000000efb80000,0x00000000f2200000)
 ParOldGen       total 139264K, used 92584K [0x00000000a0000000, 0x00000000a8800000, 0x00000000e0000000)
  object space 139264K, 66% used [0x00000000a0000000,0x00000000a5a6a2c8,0x00000000a8800000)
 Metaspace       used 93767K, capacity 98230K, committed 98324K, reserved 1134592K
  class space    used 12016K, capacity 12997K, committed 13076K, reserved 1048576K
Event: 1287.112 GC heap after
Heap after GC invocations=28 (full 3):
 PSYoungGen      total 296960K, used 19566K [0x00000000e0000000, 0x00000000f7680000, 0x0000000100000000)
  eden space 257536K, 0% used [0x00000000e0000000,0x00000000e0000000,0x00000000efb80000)
  from space 39424K, 49% used [0x00000000efb80000,0x00000000f0e9ba40,0x00000000f2200000)
  to   space 38400K, 0% used [0x00000000f5100000,0x00000000f5100000,0x00000000f7680000)
 ParOldGen       total 139264K, used 94848K [0x00000000a0000000, 0x00000000a8800000, 0x00000000e0000000)
  object space 139264K, 68% used [0x00000000a0000000,0x00000000a5ca02c8,0x00000000a8800000)
 Metaspace       used 93767K, capacity 98230K, committed 98324K, reserved 1134592K
  class space    used 12016K, capacity 12997K, committed 13076K, reserved 1048576K
}
Event: 1287.112 GC heap before
{Heap before GC invocations=29 (full 4):
 PSYoungGen      total 296960K, used 19566K [0x00000000e0000000, 0x00000000f7680000, 0x0000000100000000)
  eden space 257536K, 0% used [0x00000000e0000000,0x00000000e0000000,0x00000000efb80000)
  from space 39424K, 49% used [0x00000000efb80000,0x00000000f0e9ba40,0x00000000f2200000)
  to   space 38400K, 0% used [0x00000000f5100000,0x00000000f5100000,0x00000000f7680000)
 ParOldGen       total 139264K, used 94848K [0x00000000a0000000, 0x00000000a8800000, 0x00000000e0000000)
  object space 139264K, 68% used [0x00000000a0000000,0x00000000a5ca02c8,0x00000000a8800000)
 Metaspace       used 93767K, capacity 98230K, committed 98324K, reserved 1134592K
  class space    used 12016K, capacity 12997K, committed 13076K, reserved 1048576K
Event: 1287.843 GC heap after
Heap after GC invocations=29 (full 4):
 PSYoungGen      total 296960K, used 0K [0x00000000e0000000, 0x00000000f7680000, 0x0000000100000000)
  eden space 257536K, 0% used [0x00000000e0000000,0x00000000e0000000,0x00000000efb80000)
  from space 39424K, 0% used [0x00000000efb80000,0x00000000efb80000,0x00000000f2200000)
  to   space 38400K, 0% used [0x00000000f5100000,0x00000000f5100000,0x00000000f7680000)
 ParOldGen       total 207872K, used 84307K [0x00000000a0000000, 0x00000000acb00000, 0x00000000e0000000)
  object space 207872K, 40% used [0x00000000a0000000,0x00000000a5254d20,0x00000000acb00000)
 Metaspace       used 93396K, capacity 97224K, committed 98324K, reserved 1134592K
  class space    used 11887K, capacity 12772K, committed 13076K, reserved 1048576K
}

Deoptimization events (10 events):
Event: 1286.300 Thread 0x0000000023b70800 Uncommon trap: reason=unstable_if action=reinterpret pc=0x0000000002a68988 method=sun.nio.fs.WindowsPathParser.parse(Ljava/lang/String;Z)Lsun/nio/fs/WindowsPathParser$Result; @ 234
Event: 1286.300 Thread 0x0000000023b76800 Uncommon trap: reason=unstable_if action=reinterpret pc=0x0000000002a68988 method=sun.nio.fs.WindowsPathParser.parse(Ljava/lang/String;Z)Lsun/nio/fs/WindowsPathParser$Result; @ 234
Event: 1286.462 Thread 0x0000000020cbd000 Uncommon trap: reason=unstable_if action=reinterpret pc=0x0000000004bce1c0 method=java.nio.Bits.copyToArray(JLjava/lang/Object;JJJ)V @ 19
Event: 1286.477 Thread 0x0000000023b71000 Uncommon trap: reason=unstable_if action=reinterpret pc=0x00000000047537a0 method=java.nio.Bits.putInt(Ljava/nio/ByteBuffer;IIZ)V @ 1
Event: 1286.513 Thread 0x0000000023b71000 Uncommon trap: reason=unstable_if action=reinterpret pc=0x0000000005a53f90 method=com.android.tools.r8.graph.DexString.countBytes(Ljava/lang/String;)I @ 19
Event: 1286.513 Thread 0x0000000023b70800 Uncommon trap: reason=unstable_if action=reinterpret pc=0x0000000005a53f90 method=com.android.tools.r8.graph.DexString.countBytes(Ljava/lang/String;)I @ 19
Event: 1286.533 Thread 0x0000000023b77000 Uncommon trap: reason=unstable_if action=reinterpret pc=0x0000000005ac0978 method=com.android.tools.r8.graph.DexString.countBytes(Ljava/lang/String;)I @ 19
Event: 1286.533 Thread 0x0000000023b74000 Uncommon trap: reason=unstable_if action=reinterpret pc=0x0000000005ac0978 method=com.android.tools.r8.graph.DexString.countBytes(Ljava/lang/String;)I @ 19
Event: 1286.687 Thread 0x0000000023b71000 Uncommon trap: reason=predicate action=maybe_recompile pc=0x00000000031904f8 method=java.util.LinkedList.remove(Ljava/lang/Object;)Z @ 48
Event: 1286.721 Thread 0x0000000023b71000 Uncommon trap: reason=unstable_if action=reinterpret pc=0x0000000004e55b6c method=java.util.LinkedList.indexOf(Ljava/lang/Object;)I @ 55

Classes redefined (0 events):
No events

Internal exceptions (10 events):
Event: 1286.627 Thread 0x0000000020cbd000 Exception <a 'sun/nio/fs/WindowsException'> (0x00000000ee3a3688) thrown at [D:\src\AOSP-openjdk-cygwin\jdk8u\hotspot\src\share\vm\prims\jni.cpp, line 709]
Event: 1286.627 Thread 0x0000000020cbd000 Exception <a 'sun/nio/fs/WindowsException'> (0x00000000ee3a4bc8) thrown at [D:\src\AOSP-openjdk-cygwin\jdk8u\hotspot\src\share\vm\prims\jni.cpp, line 709]
Event: 1286.644 Thread 0x0000000020cbd000 Exception <a 'sun/nio/fs/WindowsException'> (0x00000000ee689d80) thrown at [D:\src\AOSP-openjdk-cygwin\jdk8u\hotspot\src\share\vm\prims\jni.cpp, line 709]
Event: 1286.676 Thread 0x0000000020cbd000 Exception <a 'sun/nio/fs/WindowsException'> (0x00000000ee79ff18) thrown at [D:\src\AOSP-openjdk-cygwin\jdk8u\hotspot\src\share\vm\prims\jni.cpp, line 709]
Event: 1286.708 Thread 0x0000000020cbd000 Exception <a 'sun/nio/fs/WindowsException'> (0x00000000ee7f32b8) thrown at [D:\src\AOSP-openjdk-cygwin\jdk8u\hotspot\src\share\vm\prims\jni.cpp, line 709]
Event: 1286.734 Thread 0x0000000020cbd000 Exception <a 'sun/nio/fs/WindowsException'> (0x00000000eeedf7b8) thrown at [D:\src\AOSP-openjdk-cygwin\jdk8u\hotspot\src\share\vm\prims\jni.cpp, line 709]
Event: 1286.767 Thread 0x0000000020cbd000 Exception <a 'sun/nio/fs/WindowsException'> (0x00000000eef0cb50) thrown at [D:\src\AOSP-openjdk-cygwin\jdk8u\hotspot\src\share\vm\prims\jni.cpp, line 709]
Event: 1286.873 Thread 0x0000000020cbd000 Exception <a 'sun/nio/fs/WindowsException'> (0x00000000e0003f80) thrown at [D:\src\AOSP-openjdk-cygwin\jdk8u\hotspot\src\share\vm\prims\jni.cpp, line 709]
Event: 1286.991 Thread 0x0000000020cbd000 Exception <a 'sun/nio/fs/WindowsException'> (0x00000000e0087818) thrown at [D:\src\AOSP-openjdk-cygwin\jdk8u\hotspot\src\share\vm\prims\jni.cpp, line 709]
Event: 1287.888 Thread 0x0000000020cbd000 Exception <a 'sun/nio/fs/WindowsException'> (0x00000000e0056868) thrown at [D:\src\AOSP-openjdk-cygwin\jdk8u\hotspot\src\share\vm\prims\jni.cpp, line 709]

Events (10 events):
Event: 1287.919 loading class com/android/tools/r8/dex/FileWriter$MixedSectionOffsets
Event: 1287.919 loading class com/android/tools/r8/dex/FileWriter$MixedSectionOffsets done
Event: 1287.922 loading class com/android/tools/r8/dex/DexOutputBuffer
Event: 1287.922 loading class com/android/tools/r8/dex/DexOutputBuffer done
Event: 1287.925 loading class com/android/tools/r8/it/unimi/dsi/fastutil/objects/Object2IntMap
Event: 1287.925 loading class com/android/tools/r8/it/unimi/dsi/fastutil/objects/Object2IntMap done
Event: 1287.926 loading class com/android/tools/r8/it/unimi/dsi/fastutil/objects/Object2IntFunction
Event: 1287.926 loading class com/android/tools/r8/it/unimi/dsi/fastutil/objects/Object2IntFunction done
Event: 1287.928 loading class com/android/tools/r8/it/unimi/dsi/fastutil/objects/Object2IntLinkedOpenHashMap
Event: 1287.928 loading class com/android/tools/r8/it/unimi/dsi/fastutil/objects/Object2IntLinkedOpenHashMap done


Dynamic libraries:
0x00007ff7e86d0000 - 0x00007ff7e8701000 	D:\software\androidstudio\jre\bin\java.exe
0x00007ffec8640000 - 0x00007ffec8830000 	C:\WINDOWS\SYSTEM32\ntdll.dll
0x00007ffec6780000 - 0x00007ffec6832000 	C:\WINDOWS\System32\KERNEL32.DLL
0x00007ffec56d0000 - 0x00007ffec5974000 	C:\WINDOWS\System32\KERNELBASE.dll
0x00007ffec8280000 - 0x00007ffec8323000 	C:\WINDOWS\System32\ADVAPI32.dll
0x00007ffec7400000 - 0x00007ffec749e000 	C:\WINDOWS\System32\msvcrt.dll
0x00007ffec7e50000 - 0x00007ffec7ee7000 	C:\WINDOWS\System32\sechost.dll
0x00007ffec84d0000 - 0x00007ffec85f0000 	C:\WINDOWS\System32\RPCRT4.dll
0x00007ffec8330000 - 0x00007ffec84c4000 	C:\WINDOWS\System32\USER32.dll
0x00007ffec6640000 - 0x00007ffec6661000 	C:\WINDOWS\System32\win32u.dll
0x00007ffec7550000 - 0x00007ffec7576000 	C:\WINDOWS\System32\GDI32.dll
0x00007ffec5980000 - 0x00007ffec5b14000 	C:\WINDOWS\System32\gdi32full.dll
0x00007ffec5630000 - 0x00007ffec56ce000 	C:\WINDOWS\System32\msvcp_win.dll
0x00007ffec63a0000 - 0x00007ffec649a000 	C:\WINDOWS\System32\ucrtbase.dll
0x00007ffeb2320000 - 0x00007ffeb25a4000 	C:\WINDOWS\WinSxS\amd64_microsoft.windows.common-controls_6595b64144ccf1df_6.0.18362.836_none_e6c4b943130f18ed\COMCTL32.dll
0x00007ffec6950000 - 0x00007ffec6c86000 	C:\WINDOWS\System32\combase.dll
0x00007ffec6670000 - 0x00007ffec66f0000 	C:\WINDOWS\System32\bcryptPrimitives.dll
0x00007ffec7520000 - 0x00007ffec754e000 	C:\WINDOWS\System32\IMM32.DLL
0x0000000067210000 - 0x00000000672e2000 	D:\software\androidstudio\jre\jre\bin\msvcr100.dll
0x0000000065ea0000 - 0x00000000666e1000 	D:\software\androidstudio\jre\jre\bin\server\jvm.dll
0x00007ffec6770000 - 0x00007ffec6778000 	C:\WINDOWS\System32\PSAPI.DLL
0x00007ffec2b20000 - 0x00007ffec2b44000 	C:\WINDOWS\SYSTEM32\WINMM.dll
0x00007ffebf3d0000 - 0x00007ffebf3da000 	C:\WINDOWS\SYSTEM32\VERSION.dll
0x00007ffec2af0000 - 0x00007ffec2b1d000 	C:\WINDOWS\SYSTEM32\winmmbase.dll
0x00007ffec64a0000 - 0x00007ffec64ea000 	C:\WINDOWS\System32\cfgmgr32.dll
0x00007ffeaa000000 - 0x00007ffeaa009000 	C:\WINDOWS\SYSTEM32\WSOCK32.dll
0x00007ffec76d0000 - 0x00007ffec773f000 	C:\WINDOWS\System32\WS2_32.dll
0x00007ffec3510000 - 0x00007ffec351f000 	D:\software\androidstudio\jre\jre\bin\verify.dll
0x00007ffebe910000 - 0x00007ffebe939000 	D:\software\androidstudio\jre\jre\bin\java.dll
0x00007ffebe630000 - 0x00007ffebe646000 	D:\software\androidstudio\jre\jre\bin\zip.dll
0x00007ffec7760000 - 0x00007ffec7e44000 	C:\WINDOWS\System32\SHELL32.dll
0x00007ffec6840000 - 0x00007ffec68e9000 	C:\WINDOWS\System32\shcore.dll
0x00007ffec5b20000 - 0x00007ffec629e000 	C:\WINDOWS\System32\windows.storage.dll
0x00007ffec5560000 - 0x00007ffec5583000 	C:\WINDOWS\System32\profapi.dll
0x00007ffec5510000 - 0x00007ffec555a000 	C:\WINDOWS\System32\powrprof.dll
0x00007ffec5500000 - 0x00007ffec5510000 	C:\WINDOWS\System32\UMPDC.dll
0x00007ffec68f0000 - 0x00007ffec6942000 	C:\WINDOWS\System32\shlwapi.dll
0x00007ffec5590000 - 0x00007ffec55a1000 	C:\WINDOWS\System32\kernel.appcore.dll
0x00007ffec6380000 - 0x00007ffec6397000 	C:\WINDOWS\System32\cryptsp.dll
0x00007ffebbcd0000 - 0x00007ffebbcea000 	D:\software\androidstudio\jre\jre\bin\net.dll
0x00007ffec4d70000 - 0x00007ffec4dd7000 	C:\WINDOWS\system32\mswsock.dll
0x00007ffebbcb0000 - 0x00007ffebbcc1000 	D:\software\androidstudio\jre\jre\bin\nio.dll
0x00007ffebe650000 - 0x00007ffebe66e000 	C:\Users\nn\.gradle\native\25\windows-amd64\native-platform.dll
0x00007ffec0150000 - 0x00007ffec015d000 	D:\software\androidstudio\jre\jre\bin\management.dll
0x00007ffec48e0000 - 0x00007ffec4913000 	C:\WINDOWS\system32\rsaenh.dll
0x00007ffec6350000 - 0x00007ffec6376000 	C:\WINDOWS\System32\bcrypt.dll
0x00007ffec5420000 - 0x00007ffec5445000 	C:\WINDOWS\SYSTEM32\USERENV.dll
0x00007ffec4f40000 - 0x00007ffec4f4c000 	C:\WINDOWS\SYSTEM32\CRYPTBASE.dll
0x00007ffec4a80000 - 0x00007ffec4aba000 	C:\WINDOWS\SYSTEM32\IPHLPAPI.DLL
0x00007ffec85f0000 - 0x00007ffec85f8000 	C:\WINDOWS\System32\NSI.dll
0x00007ffebb1f0000 - 0x00007ffebb206000 	C:\WINDOWS\SYSTEM32\dhcpcsvc6.DLL
0x00007ffebc0b0000 - 0x00007ffebc0cc000 	C:\WINDOWS\SYSTEM32\dhcpcsvc.DLL
0x00007ffec4ac0000 - 0x00007ffec4b8b000 	C:\WINDOWS\SYSTEM32\DNSAPI.dll
0x00007ffea6520000 - 0x00007ffea653e000 	C:\Users\nn\AppData\Local\Temp\native-platform5585696205019921208dir\native-platform.dll
0x00007ffec4560000 - 0x00007ffec4591000 	C:\WINDOWS\SYSTEM32\ntmarta.dll

VM Arguments:
jvm_args: -Xmx1536m -Dfile.encoding=GBK -Duser.country=CN -Duser.language=zh -Duser.variant 
java_command: org.gradle.launcher.daemon.bootstrap.GradleDaemon 4.6
java_class_path (initial): C:\Users\nn\.gradle\wrapper\dists\gradle-4.6-all\bcst21l2brirad8k2ben1letg\gradle-4.6\lib\gradle-launcher-4.6.jar
Launcher Type: SUN_STANDARD

Environment Variables:
JAVA_HOME=D:\software\Java\jdk1.8.0_131
CLASSPATH=.;D:\software\Java\jdk1.8.0_131\lib;D:\software\Java\jdk1.8.0_131\lib\tools.jar
PATH=C:\ProgramData\Oracle\Java\javapath;C:\WINDOWS\system32;C:\WINDOWS;C:\WINDOWS\System32\Wbem;C:\WINDOWS\System32\WindowsPowerShell\v1.0\;C:\WINDOWS\System32\OpenSSH\;D:\software\Java\jdk1.8.0_131\bin;D:\software\Java\jdk1.8.0_131\jre\bin;D:\software\Git\cmd;C:\Program Files\TortoiseSVN\bin;D:\software\androidstudiotools\sdk\tools;D:\software\androidstudiotools\sdk\platform-tools;D:\software\python;D:\software\androidstudiotools\android-ndk-r20;C:\Program Files\Intel\WiFi\bin\;C:\Program Files\Common Files\Intel\WirelessCommon\;D:\software\flutter\bin;D:\software\python\Scripts\;D:\software\python\;C:\Users\nn\AppData\Local\Microsoft\WindowsApps;D:\software\PyCharm\PyCharm 2018.3.5\bin;C:\Users\nn\AppData\Local\BypassRuntm
USERNAME=nn
OS=Windows_NT
PROCESSOR_IDENTIFIER=Intel64 Family 6 Model 142 Stepping 11, GenuineIntel



---------------  S Y S T E M  ---------------

OS: Windows 10.0 , 64 bit Build 18362 (10.0.18362.778)

CPU:total 8 (initial active 8) (4 cores per cpu, 2 threads per core) family 6 model 142 stepping 11, cmov, cx8, fxsr, mmx, sse, sse2, sse3, ssse3, sse4.1, sse4.2, popcnt, avx, avx2, aes, clmul, erms, 3dnowpref, lzcnt, ht, tsc, tscinvbit, bmi1, bmi2, adx

Memory: 4k page, physical 8230708k(420792k free), swap 18716464k(5492k free)

vm_info: OpenJDK 64-Bit Server VM (25.152-b01) for windows-amd64 JRE (1.8.0_152-release-1343-b01), built by "builder" with MS VC++ 10.0 (VS2010)

time: Thu Jun 11 16:25:47 2020
elapsed time: 1287 seconds (0d 0h 21m 27s)

